\BOOKMARK [0][]{Doc-Start}{\376\377\144\130\000\040\211\201}{}% 1
\BOOKMARK [0][]{Doc-Start}{\376\377\000A\000B\000S\000T\000R\000A\000C\000T}{}% 2
\BOOKMARK [1][]{section.0.1}{\376\377\176\352\213\272}{Doc-Start}% 3
\BOOKMARK [2][]{subsection.0.1.1}{\376\377\170\024\172\166\200\314\146\157}{section.0.1}% 4
\BOOKMARK [2][]{subsection.0.1.2}{\376\377\170\024\172\166\141\017\116\111}{section.0.1}% 5
\BOOKMARK [2][]{subsection.0.1.3}{\376\377\000\040\000A\000n\000d\000r\000o\000i\000d\122\006\147\220\142\200\147\057\116\313\176\315}{section.0.1}% 6
\BOOKMARK [3][]{section*.4}{\376\377\227\131\140\001\122\006\147\220\142\200\147\057}{subsection.0.1.3}% 7
\BOOKMARK [3][]{section*.4}{\376\377\000\040\122\250\140\001\122\006\147\220\142\200\147\057}{subsection.0.1.3}% 8
\BOOKMARK [3][]{section*.4}{\376\377\127\372\116\216\121\166\116\326\142\200\147\057\166\204\122\006\147\220\145\271\154\325}{subsection.0.1.3}% 9
\BOOKMARK [2][]{subsection.0.1.4}{\376\377\000\040\147\054\145\207\166\204\116\073\211\201\135\345\117\134}{section.0.1}% 10
\BOOKMARK [2][]{subsection.0.1.5}{\376\377\147\054\145\207\166\204\176\304\176\307\176\323\147\204}{section.0.1}% 11
\BOOKMARK [1][]{section.0.2}{\376\377\000A\000n\000d\000r\000o\000i\000d\174\373\176\337\166\370\121\163\200\314\146\157\116\313\176\315\000\040}{Doc-Start}% 12
\BOOKMARK [2][]{subsection.0.2.1}{\376\377\000A\000n\000d\000r\000o\000i\000d\174\373\176\337\176\323\147\204\116\313\176\315}{section.0.2}% 13
\BOOKMARK [2][]{subsection.0.2.2}{\376\377\000A\000n\000d\000r\000o\000i\000d\116\055\166\204\000A\000c\000t\000i\000v\000i\000t\000y}{section.0.2}% 14
\BOOKMARK [2][]{subsection.0.2.3}{\376\377\000\040\000A\000n\000d\000r\000o\000i\000d\116\055\166\204\131\032\176\277\172\013\116\244\116\222}{section.0.2}% 15
\BOOKMARK [3][]{section*.7}{\376\377\127\372\116\216\000J\000a\000v\000a\166\204\131\032\176\277\172\013\116\244\116\222}{subsection.0.2.3}% 16
\BOOKMARK [3][]{section*.7}{\376\377\127\372\116\216\000H\000a\000n\000d\000l\000e\000r\166\204\131\032\176\277\172\013\155\210\140\157\214\003\136\246}{subsection.0.2.3}% 17
\BOOKMARK [2][]{subsection.0.2.4}{\376\377\147\054\145\207\220\107\122\060\166\204\126\360\226\276\116\016\143\021\142\030}{section.0.2}% 18
\BOOKMARK [2][]{subsection.0.2.5}{\376\377\000\040\147\054\172\340\134\017\176\323}{section.0.2}% 19
\BOOKMARK [1][]{section.0.3}{\376\377\000R\000u\000n\000D\000r\000o\000i\000d\174\373\176\337\166\204\213\276\213\241\116\016\133\236\163\260\000\040}{Doc-Start}% 20
\BOOKMARK [2][]{subsection.0.3.1}{\376\377\174\373\176\337\122\237\200\375\116\313\176\315}{section.0.3}% 21
\BOOKMARK [2][]{subsection.0.3.2}{\376\377\151\202\137\365\133\232\116\111}{section.0.3}% 22
\BOOKMARK [2][]{subsection.0.3.3}{\376\377\000\040\213\276\213\241\140\035\215\357\116\313\176\315}{section.0.3}% 23
\BOOKMARK [2][]{subsection.0.3.4}{\376\377\142\200\147\057\215\357\176\277\377\010\120\117\135\345\172\013\140\047\377\011}{section.0.3}% 24
\BOOKMARK [2][]{subsection.0.3.5}{\376\377\166\370\121\163\142\200\147\057\116\313\176\315}{section.0.3}% 25
\BOOKMARK [3][]{section*.13}{\376\377\000\040\000s\000r\000c\000M\000L\116\313\176\315}{subsection.0.3.5}% 26
\BOOKMARK [3][]{section*.13}{\376\377\000X\000p\000o\000s\000e\000d\150\106\147\266\116\313\176\315}{subsection.0.3.5}% 27
\BOOKMARK [3][]{section*.13}{\376\377\000\040\000N\000e\000o\0004\000j\116\313\176\315}{subsection.0.3.5}% 28
\BOOKMARK [2][]{subsection.0.3.6}{\376\377\152\041\127\127\133\236\163\260\116\313\176\315}{section.0.3}% 29
\BOOKMARK [3][]{section*.14}{\376\377\156\220\116\343\170\001\230\204\131\004\164\006\176\304\116\366\377\010\000P\000r\000e\000p\000r\000o\000c\000e\000s\000s\000o\000r\377\011}{subsection.0.3.6}% 30
\BOOKMARK [3][]{section*.14}{\376\377\000\040\217\320\210\114\145\366\145\345\137\327\213\260\137\125\126\150\377\010\000R\000u\000n\000t\000i\000m\000e\000\040\000L\000o\000g\000g\000e\000r\377\011}{subsection.0.3.6}% 31
\BOOKMARK [3][]{section*.14}{\376\377\214\003\165\050\126\376\147\204\136\372\126\150\377\010\000C\000a\000l\000l\000-\000g\000r\000a\000p\000h\000\040\000B\000u\000i\000l\000d\000e\000r\377\011}{subsection.0.3.6}% 32
\BOOKMARK [2][]{subsection.0.3.7}{\376\377\147\204\136\372\217\307\172\013\116\313\176\315}{section.0.3}% 33
\BOOKMARK [3][]{section*.15}{\376\377\131\202\117\125\147\204\136\372\121\375\145\160\214\003\165\050\126\376}{subsection.0.3.7}% 34
\BOOKMARK [3][]{section*.15}{\376\377\131\202\117\125\147\204\136\372\000A\000c\000t\000i\000v\000i\000t\000y\166\204\165\037\124\175\124\150\147\037}{subsection.0.3.7}% 35
\BOOKMARK [3][]{section*.15}{\376\377\000\040\131\202\117\125\147\204\136\372\131\032\176\277\172\013\211\346\123\321\121\163\174\373}{subsection.0.3.7}% 36
\BOOKMARK [2][]{subsection.0.3.8}{\376\377\147\054\172\340\134\017\176\323}{section.0.3}% 37
\BOOKMARK [1][]{section.0.4}{\376\377\000X}{Doc-Start}% 38
\BOOKMARK [1][]{section.0.5}{\376\377\000X}{Doc-Start}% 39
\BOOKMARK [1][]{section.0.6}{\376\377\000X}{Doc-Start}% 40
\BOOKMARK [1][]{section.0.7}{\376\377\000X\000\040}{Doc-Start}% 41
\BOOKMARK [0][]{section*.16}{\376\377\123\302\200\003\145\207\163\056}{}% 42
\BOOKMARK [0][]{section*.18}{\376\377\201\364\214\042}{}% 43
\BOOKMARK [0][]{section*.19}{\376\377\145\073\213\373\170\125\130\353\133\146\117\115\147\037\225\364\123\321\210\150\213\272\145\207}{}% 44
